Execute       source -notrace -encoding utf-8 /tools/Xilinx/2025.1/Vitis/tps/tcl/tcl8.6/clock.tcl 
Execute         source -encoding utf-8 /tools/Xilinx/2025.1/tps/tcl/tcl8/8.5/msgcat-1.6.1.tm 
INFO-FLOW: Workspace /home/sehyun/projects/DFG_transfer/project_tmp/solution_tmp opened at Tue Dec 23 14:58:31 KST 2025
Execute       send_msg_by_id INFO @200-1505@%s%s default  vivado 
INFO: [HLS 200-1505] Using default flow_target 'vivado'
Execute     set_part xc7z020clg484-1 
INFO: [HLS 200-1510] Running: set_part xc7z020clg484-1 
Execute       create_platform xc7z020clg484-1 -board  
DBG:HLSDevice: Trying to load device library: /tools/Xilinx/2025.1/Vitis/lib/lnx64.o/libxv_hlsvwrap.so
DBG:HLSDevice: first parts/arch.xml in RDI_DATADIR: /tools/Xilinx/2025.1/Vivado/data/parts/arch.xml
DBG:HLSDevice: init success
ERROR: [HLS 200-1023] Part 'xc7z020clg484-1' is not installed.
Command       create_platform done; error code: 1; 0.21 sec.
INFO-FLOW: Caught error in set_part: command 'create_platform' returned error code
    while executing
"create_platform $value -board $board"
    (procedure "ap_internal_set_part" line 27)
    invoked from within
"ap_internal_set_part "
Command     set_part done; error code: 2; 0.21 sec.
Command   ap_source done; error code: 1; 0.25 sec.
Execute   cleanup_all 
